<?xml version="1.0" encoding="UTF-8"?>
<!-- Generated by org.testng.reporters.JUnitReportReporter -->
<testsuite hostname="WebCARE" failures="0" tests="8" name="testpriceingportal.rc200Width" time="193.390" errors="0" timestamp="2023-06-21T20:27:38 IST" skipped="0">
  <testcase classname="testpriceingportal.rc200Width" name="testrc200_price" time="22.222"/>
  <testcase classname="testpriceingportal.rc200Width" name="testrc200_price" time="27.364"/>
  <testcase classname="testpriceingportal.rc200Width" name="testrc200_price" time="21.446"/>
  <testcase classname="testpriceingportal.rc200Width" name="testrc200_price" time="22.331"/>
  <testcase classname="testpriceingportal.rc200Width" name="testrc200_price" time="21.622"/>
  <testcase classname="testpriceingportal.rc200Width" name="testrc200_price" time="25.891"/>
  <testcase classname="testpriceingportal.rc200Width" name="testrc200_price" time="26.811"/>
  <testcase classname="testpriceingportal.rc200Width" name="testrc200_price" time="25.703"/>
</testsuite> <!-- testpriceingportal.rc200Width -->
