<?xml version="1.0" encoding="UTF-8"?>
<!-- Generated by org.testng.reporters.JUnitReportReporter -->
<testsuite hostname="WebCARE" failures="0" tests="1" name="testpriceingportal.portal" time="45.179" errors="0" timestamp="2023-06-21T14:45:53 IST" skipped="0">
  <testcase classname="testpriceingportal.portal" name="name" time="45.179"/>
</testsuite> <!-- testpriceingportal.portal -->
