<?xml version="1.0" encoding="UTF-8"?>
<!-- Generated by org.testng.reporters.JUnitReportReporter -->
<testsuite hostname="WebCARE" failures="0" tests="1" name="raynor.date_Functionality" time="38.015" errors="0" timestamp="2023-06-22T21:38:59 IST" skipped="0">
  <testcase classname="raynor.date_Functionality" name="verify_the_date_functionality" time="38.015"/>
</testsuite> <!-- raynor.date_Functionality -->
