<?xml version="1.0" encoding="UTF-8"?>
<!-- Generated by org.testng.reporters.JUnitReportReporter -->
<testsuite hostname="WebCARE" failures="0" tests="1" name="demo_TestCases_on_ASI.test" time="0.007" errors="0" timestamp="2023-07-22T14:32:53 IST" skipped="0">
  <testcase classname="demo_TestCases_on_ASI.test" name="name" time="0.007"/>
</testsuite> <!-- demo_TestCases_on_ASI.test -->
