<?xml version="1.0" encoding="UTF-8"?>
<!-- Generated by org.testng.reporters.JUnitReportReporter -->
<testsuite hostname="WebCARE" failures="0" tests="2" name="XlutilityPackage.test" time="2.437" errors="0" timestamp="2023-07-21T16:24:51 IST" skipped="0">
  <testcase classname="XlutilityPackage.test" name="Str" time="0.886"/>
  <testcase classname="XlutilityPackage.test" name="Str" time="1.551"/>
</testsuite> <!-- XlutilityPackage.test -->
