<?xml version="1.0" encoding="UTF-8"?>
<!-- Generated by org.testng.reporters.JUnitReportReporter -->
<testsuite hostname="WebCARE" failures="0" tests="5" name="demo_TestCases_on_ASI.Validate_Door_Opening_Width" time="144.598" errors="0" timestamp="2023-07-22T15:10:42 IST" skipped="0">
  <testcase classname="demo_TestCases_on_ASI.Validate_Door_Opening_Width" name="Validate_Door_openening_width" time="16.270"/>
  <testcase classname="demo_TestCases_on_ASI.Validate_Door_Opening_Width" name="Validate_Door_openening_width" time="27.526"/>
  <testcase classname="demo_TestCases_on_ASI.Validate_Door_Opening_Width" name="Validate_Door_openening_width" time="27.366"/>
  <testcase classname="demo_TestCases_on_ASI.Validate_Door_Opening_Width" name="Validate_Door_openening_width" time="47.483"/>
  <testcase classname="demo_TestCases_on_ASI.Validate_Door_Opening_Width" name="Validate_Door_openening_width" time="25.953"/>
</testsuite> <!-- demo_TestCases_on_ASI.Validate_Door_Opening_Width -->
