<?xml version="1.0" encoding="UTF-8"?>
<!-- Generated by org.testng.reporters.JUnitReportReporter -->
<testsuite hostname="WebCARE" failures="0" tests="7" name="testpriceingportal.ValidateDoorWifth" time="260.131" errors="0" timestamp="2023-06-21T17:46:25 IST" skipped="0">
  <testcase classname="testpriceingportal.ValidateDoorWifth" name="Valiadate_the_Width" time="36.153"/>
  <testcase classname="testpriceingportal.ValidateDoorWifth" name="Valiadate_the_Width" time="36.515"/>
  <testcase classname="testpriceingportal.ValidateDoorWifth" name="Valiadate_the_Width" time="44.025"/>
  <testcase classname="testpriceingportal.ValidateDoorWifth" name="Valiadate_the_Width" time="36.735"/>
  <testcase classname="testpriceingportal.ValidateDoorWifth" name="Valiadate_the_Width" time="33.268"/>
  <testcase classname="testpriceingportal.ValidateDoorWifth" name="Valiadate_the_Width" time="39.683"/>
  <testcase classname="testpriceingportal.ValidateDoorWifth" name="Valiadate_the_Width" time="33.752"/>
</testsuite> <!-- testpriceingportal.ValidateDoorWifth -->
