<?xml version="1.0" encoding="UTF-8"?>
<!-- Generated by org.testng.reporters.JUnitReportReporter -->
<testsuite hostname="WebCARE" failures="0" tests="1" name="XlutilityPackage.xlutility" time="0.612" errors="0" timestamp="2023-07-17T17:01:10 IST" skipped="0">
  <testcase classname="XlutilityPackage.xlutility" name="test" time="0.612"/>
</testsuite> <!-- XlutilityPackage.xlutility -->
