<?xml version="1.0" encoding="UTF-8"?>
<!-- Generated by org.testng.reporters.JUnitReportReporter -->
<testsuite hostname="WebCARE" failures="0" tests="3" name="demo_TestCases_on_ASI.testdemo" time="0.008" errors="0" timestamp="2023-07-21T15:58:16 IST" skipped="0">
  <testcase classname="demo_TestCases_on_ASI.testdemo" name="test" time="0.006"/>
  <testcase classname="demo_TestCases_on_ASI.testdemo" name="test" time="0.001"/>
  <testcase classname="demo_TestCases_on_ASI.testdemo" name="test" time="0.001"/>
</testsuite> <!-- demo_TestCases_on_ASI.testdemo -->
