<?xml version="1.0" encoding="UTF-8"?>
<!-- Generated by org.testng.reporters.JUnitReportReporter -->
<testsuite hostname="WebCARE" failures="0" tests="3" name="demo_TestCases_on_ASI.Verify_Door_Quantity" time="41.415" errors="0" timestamp="2023-07-21T16:26:13 IST" skipped="0">
  <testcase classname="demo_TestCases_on_ASI.Verify_Door_Quantity" name="Verify_door_quantity_valid_value" time="13.232"/>
  <testcase classname="demo_TestCases_on_ASI.Verify_Door_Quantity" name="Verify_door_quantity_valid_value" time="14.658"/>
  <testcase classname="demo_TestCases_on_ASI.Verify_Door_Quantity" name="Verify_door_quantity_valid_value" time="13.525"/>
</testsuite> <!-- demo_TestCases_on_ASI.Verify_Door_Quantity -->
