<?xml version="1.0" encoding="UTF-8"?>
<!-- Generated by org.testng.reporters.JUnitReportReporter -->
<testsuite hostname="WebCARE" failures="0" tests="1" name="raynor.RaynorProduct" time="80.941" errors="0" timestamp="2023-07-17T18:28:22 IST" skipped="0">
  <testcase classname="raynor.RaynorProduct" name="Valiadate_the_Width" time="80.941"/>
</testsuite> <!-- raynor.RaynorProduct -->
